{"level":"info","time":"2023-08-27T21:10:23+03:00","caller":"/home/lekht/Golang/notepad/internal/app/app.go:18","message":"failed to make connection pool: cannot parse `postgres://\"user\":xxxxxx@\"0.0.0.0\":\"54344\"/\"storage\"`: failed to parse as URL (parse \"postgres://\\\"user\\\":\\\"password\\\"@\\\"0.0.0.0\\\":\\\"54344\\\"/\\\"storage\\\"\": invalid port \":\\\"54344\\\"\" after host)%!(EXTRA string=failed to create new postgres connection)"}
{"level":"info","time":"2023-08-27T21:10:45+03:00","caller":"/home/lekht/Golang/notepad/internal/app/app.go:18","message":"failed to make connection pool: cannot parse `postgres://\"user\":xxxxxx@\"0.0.0.0\":\"54344\"/\"storage\"`: failed to parse as URL (parse \"postgres://\\\"user\\\":\\\"password\\\"@\\\"0.0.0.0\\\":\\\"54344\\\"/\\\"storage\\\"\": invalid port \":\\\"54344\\\"\" after host)%!(EXTRA string=failed to create new postgres connection)"}
{"level":"info","time":"2023-08-27T21:11:04+03:00","caller":"/home/lekht/Golang/notepad/internal/app/app.go:18","message":"failed to make connection pool: cannot parse `postgres://\"user\":xxxxxx@\"0.0.0.0\":\"54344\"/\"storage\"`: failed to parse as URL (parse \"postgres://\\\"user\\\":\\\"password\\\"@\\\"0.0.0.0\\\":\\\"54344\\\"/\\\"storage\\\"\": invalid port \":\\\"54344\\\"\" after host)%!(EXTRA string=failed to create new postgres connection)"}
{"level":"info","time":"2023-08-27T21:13:22+03:00","caller":"/home/lekht/Golang/notepad/cmd/service/service.go:24","message":"all is still good"}
{"level":"info","time":"2023-08-27T21:16:35+03:00","caller":"/home/lekht/Golang/notepad/cmd/service/service.go:24","message":"app - Run - signal: interrupt"}
{"level":"info","time":"2023-08-27T21:16:35+03:00","caller":"/home/lekht/Golang/notepad/cmd/service/service.go:24","message":"all is still good"}
{"level":"info","time":"2023-08-27T21:22:08+03:00","caller":"/home/lekht/Golang/notepad/cmd/service/service.go:24","message":"interrupt%!(EXTRA string=interrupt signal recieved)"}
{"level":"info","time":"2023-08-27T21:22:08+03:00","caller":"/home/lekht/Golang/notepad/cmd/service/service.go:24","message":"all is still good"}
{"level":"info","time":"2023-08-27T21:37:50+03:00","caller":"/home/lekht/Golang/notepad/cmd/service/service.go:24","message":"interrupt%!(EXTRA string=interrupt signal recieved)"}
{"level":"info","time":"2023-08-27T21:37:50+03:00","caller":"/home/lekht/Golang/notepad/cmd/service/service.go:24","message":"all is still good"}
{"level":"info","time":"2023-08-27T21:38:45+03:00","caller":"/home/lekht/Golang/notepad/cmd/service/service.go:24","message":"Server is running on port 8088"}
{"level":"info","time":"2023-08-27T21:38:59+03:00","caller":"/home/lekht/Golang/notepad/cmd/service/service.go:24","message":"interrupt%!(EXTRA string=interrupt signal recieved)"}
{"level":"info","time":"2023-08-27T21:38:59+03:00","caller":"/home/lekht/Golang/notepad/cmd/service/service.go:24","message":"all is still good"}
{"level":"info","time":"2023-08-27T21:39:56+03:00","caller":"/home/lekht/Golang/notepad/cmd/service/service.go:24","message":"Server is running on port 8088"}
{"level":"info","time":"2023-08-27T21:46:37+03:00","caller":"/home/lekht/Golang/notepad/cmd/service/service.go:24","message":"interrupt%!(EXTRA string=interrupt signal recieved)"}
{"level":"info","time":"2023-08-27T21:46:37+03:00","caller":"/home/lekht/Golang/notepad/cmd/service/service.go:24","message":"all is still good"}
{"level":"info","time":"2023-08-27T21:49:04+03:00","caller":"/home/lekht/Golang/notepad/cmd/service/service.go:24","message":"Server is running on port 8088"}
{"level":"info","time":"2023-08-27T21:49:46+03:00","caller":"/home/lekht/Golang/notepad/internal/controllers/handlers.go:47","message":"invalid character ',' after object key%!(EXTRA string=failed to decode request body)"}
{"level":"info","time":"2023-08-27T21:51:11+03:00","caller":"/home/lekht/Golang/notepad/cmd/service/service.go:24","message":"interrupt%!(EXTRA string=interrupt signal recieved)"}
{"level":"info","time":"2023-08-27T21:51:11+03:00","caller":"/home/lekht/Golang/notepad/cmd/service/service.go:24","message":"all is still good"}
{"level":"info","time":"2023-08-27T21:51:13+03:00","caller":"/home/lekht/Golang/notepad/cmd/service/service.go:24","message":"Server is running on port 8088"}
{"level":"info","time":"2023-08-27T21:51:15+03:00","caller":"/home/lekht/Golang/notepad/internal/controllers/handlers.go:48","message":"invalid character ',' after object key%!(EXTRA string=failed to decode request body)"}
{"level":"info","time":"2023-08-27T21:52:34+03:00","caller":"/home/lekht/Golang/notepad/cmd/service/service.go:24","message":"interrupt%!(EXTRA string=interrupt signal recieved)"}
{"level":"info","time":"2023-08-27T21:52:34+03:00","caller":"/home/lekht/Golang/notepad/cmd/service/service.go:24","message":"all is still good"}
{"level":"info","time":"2023-08-27T21:52:45+03:00","caller":"/home/lekht/Golang/notepad/cmd/service/service.go:24","message":"Server is running on port 8088"}
{"level":"info","time":"2023-08-27T21:58:41+03:00","caller":"/home/lekht/Golang/notepad/cmd/service/service.go:24","message":"interrupt%!(EXTRA string=interrupt signal recieved)"}
{"level":"info","time":"2023-08-27T21:58:41+03:00","caller":"/home/lekht/Golang/notepad/cmd/service/service.go:24","message":"all is still good"}
{"level":"info","time":"2023-08-27T22:01:40+03:00","caller":"/home/lekht/Golang/notepad/cmd/service/service.go:24","message":"Server is running on port 8088"}
{"level":"info","time":"2023-08-27T22:18:05+03:00","caller":"/home/lekht/Golang/notepad/cmd/service/service.go:24","message":"interrupt%!(EXTRA string=interrupt signal recieved)"}
{"level":"info","time":"2023-08-27T22:18:05+03:00","caller":"/home/lekht/Golang/notepad/cmd/service/service.go:24","message":"all is still good"}
{"level":"info","time":"2023-08-27T22:49:45+03:00","caller":"/home/lekht/Golang/notepad/cmd/service/service.go:24","message":"Server is running on port 8088"}
{"level":"info","time":"2023-08-27T22:53:19+03:00","caller":"/home/lekht/Golang/notepad/cmd/service/service.go:24","message":"interrupt%!(EXTRA string=interrupt signal recieved)"}
{"level":"info","time":"2023-08-27T22:53:19+03:00","caller":"/home/lekht/Golang/notepad/cmd/service/service.go:24","message":"all is still good"}
{"level":"info","time":"2023-08-27T22:53:20+03:00","caller":"/home/lekht/Golang/notepad/cmd/service/service.go:24","message":"Server is running on port 8088"}
{"level":"info","time":"2023-08-27T22:53:44+03:00","caller":"/home/lekht/Golang/notepad/internal/controllers/handlers.go:91","message":"this user does not exist%!(EXTRA string=invalid token)"}
{"level":"info","time":"2023-08-27T22:54:11+03:00","caller":"/home/lekht/Golang/notepad/cmd/service/service.go:24","message":"interrupt%!(EXTRA string=interrupt signal recieved)"}
{"level":"info","time":"2023-08-27T22:54:11+03:00","caller":"/home/lekht/Golang/notepad/cmd/service/service.go:24","message":"all is still good"}
{"level":"info","time":"2023-08-27T22:54:13+03:00","caller":"/home/lekht/Golang/notepad/cmd/service/service.go:24","message":"Server is running on port 8088"}
{"level":"info","time":"2023-08-27T22:54:14+03:00","caller":"/home/lekht/Golang/notepad/internal/controllers/handlers.go:91","message":"this user does not exist%!(EXTRA string=invalid token)"}
{"level":"info","time":"2023-08-27T23:01:53+03:00","caller":"/home/lekht/Golang/notepad/cmd/service/service.go:24","message":"interrupt%!(EXTRA string=interrupt signal recieved)"}
{"level":"info","time":"2023-08-27T23:01:53+03:00","caller":"/home/lekht/Golang/notepad/cmd/service/service.go:24","message":"all is still good"}
{"level":"info","time":"2023-08-28T00:06:00+03:00","caller":"/home/lekht/Golang/notepad/cmd/service/service.go:24","message":"Server is running on port 8088"}
{"level":"info","time":"2023-08-28T00:06:02+03:00","caller":"/home/lekht/Golang/notepad/cmd/service/service.go:24","message":"interrupt%!(EXTRA string=interrupt signal recieved)"}
{"level":"info","time":"2023-08-28T00:06:02+03:00","caller":"/home/lekht/Golang/notepad/cmd/service/service.go:24","message":"all is still good"}
{"level":"info","time":"2023-08-28T00:40:11+03:00","caller":"/home/lekht/Golang/notepad/cmd/service/service.go:24","message":"Server is running on port 8088"}
{"level":"info","time":"2023-08-28T00:41:00+03:00","caller":"/home/lekht/Golang/notepad/internal/controllers/handlers.go:64","message":"failed to check text for spellig: failed to decode response body into struct: invalid character '<' looking for beginning of value%!(EXTRA string=failed to make new note)"}
{"level":"info","time":"2023-08-28T00:43:13+03:00","caller":"/home/lekht/Golang/notepad/cmd/service/service.go:24","message":"interrupt%!(EXTRA string=interrupt signal recieved)"}
{"level":"info","time":"2023-08-28T00:43:13+03:00","caller":"/home/lekht/Golang/notepad/cmd/service/service.go:24","message":"all is still good"}
{"level":"info","time":"2023-08-28T00:47:26+03:00","caller":"/home/lekht/Golang/notepad/cmd/service/service.go:24","message":"Server is running on port 8088"}
{"level":"info","time":"2023-08-28T00:47:29+03:00","caller":"/home/lekht/Golang/notepad/internal/controllers/handlers.go:64","message":"failed to check text for spellig: failed to decode response body into struct: invalid character '<' looking for beginning of value%!(EXTRA string=failed to handle new note)"}
{"level":"info","time":"2023-08-28T00:48:11+03:00","caller":"/home/lekht/Golang/notepad/internal/controllers/handlers.go:64","message":"failed to check text for spellig: failed to decode response body into struct: invalid character '<' looking for beginning of value%!(EXTRA string=failed to handle new note)"}
{"level":"info","time":"2023-08-28T00:48:44+03:00","caller":"/home/lekht/Golang/notepad/cmd/service/service.go:24","message":"interrupt%!(EXTRA string=interrupt signal recieved)"}
{"level":"info","time":"2023-08-28T00:48:44+03:00","caller":"/home/lekht/Golang/notepad/cmd/service/service.go:24","message":"all is still good"}
{"level":"info","time":"2023-08-28T00:48:46+03:00","caller":"/home/lekht/Golang/notepad/cmd/service/service.go:24","message":"Server is running on port 8088"}
{"level":"info","time":"2023-08-28T00:48:46+03:00","caller":"/home/lekht/Golang/notepad/internal/controllers/handlers.go:64","message":"failed to check text for spellig: failed to decode response body into struct: invalid character '<' looking for beginning of value%!(EXTRA string=failed to handle new note)"}
{"level":"info","time":"2023-08-28T00:50:03+03:00","caller":"/home/lekht/Golang/notepad/cmd/service/service.go:24","message":"interrupt%!(EXTRA string=interrupt signal recieved)"}
{"level":"info","time":"2023-08-28T00:50:03+03:00","caller":"/home/lekht/Golang/notepad/cmd/service/service.go:24","message":"all is still good"}
{"level":"info","time":"2023-08-28T00:55:41+03:00","caller":"/home/lekht/Golang/notepad/cmd/service/service.go:24","message":"Server is running on port 8088"}
{"level":"info","time":"2023-08-28T00:55:45+03:00","caller":"/home/lekht/Golang/notepad/internal/controllers/handlers.go:64","message":"failed to check text for spellig: failed to decode response body into struct: invalid character '<' looking for beginning of value%!(EXTRA string=failed to handle new note)"}
{"level":"info","time":"2023-08-28T00:55:48+03:00","caller":"/home/lekht/Golang/notepad/cmd/service/service.go:24","message":"interrupt%!(EXTRA string=interrupt signal recieved)"}
{"level":"info","time":"2023-08-28T00:55:48+03:00","caller":"/home/lekht/Golang/notepad/cmd/service/service.go:24","message":"all is still good"}
{"level":"info","time":"2023-08-28T01:07:21+03:00","caller":"/home/lekht/Golang/notepad/cmd/service/service.go:24","message":"Server is running on port 8088"}
{"level":"info","time":"2023-08-28T01:07:25+03:00","caller":"/home/lekht/Golang/notepad/internal/controllers/handlers.go:64","message":"failed to check text for spellig: failed to decode response body into struct: invalid character '<' looking for beginning of value%!(EXTRA string=failed to handle new note)"}
{"level":"info","time":"2023-08-28T01:07:40+03:00","caller":"/home/lekht/Golang/notepad/cmd/service/service.go:24","message":"interrupt%!(EXTRA string=interrupt signal recieved)"}
{"level":"info","time":"2023-08-28T01:07:40+03:00","caller":"/home/lekht/Golang/notepad/cmd/service/service.go:24","message":"all is still good"}
{"level":"info","time":"2023-08-28T01:08:20+03:00","caller":"/home/lekht/Golang/notepad/cmd/service/service.go:24","message":"Server is running on port 8088"}
{"level":"info","time":"2023-08-28T01:09:41+03:00","caller":"/home/lekht/Golang/notepad/cmd/service/service.go:24","message":"interrupt%!(EXTRA string=interrupt signal recieved)"}
{"level":"info","time":"2023-08-28T01:09:41+03:00","caller":"/home/lekht/Golang/notepad/cmd/service/service.go:24","message":"all is still good"}
{"level":"info","time":"2023-08-28T01:09:43+03:00","caller":"/home/lekht/Golang/notepad/cmd/service/service.go:24","message":"Server is running on port 8088"}
{"level":"info","time":"2023-08-28T01:10:02+03:00","caller":"/home/lekht/Golang/notepad/cmd/service/service.go:24","message":"interrupt%!(EXTRA string=interrupt signal recieved)"}
{"level":"info","time":"2023-08-28T01:10:02+03:00","caller":"/home/lekht/Golang/notepad/cmd/service/service.go:24","message":"all is still good"}
{"level":"info","time":"2023-08-28T01:10:25+03:00","caller":"/home/lekht/Golang/notepad/cmd/service/service.go:24","message":"Server is running on port 8088"}
{"level":"info","time":"2023-08-28T01:17:26+03:00","caller":"/home/lekht/Golang/notepad/cmd/service/service.go:24","message":"interrupt%!(EXTRA string=interrupt signal recieved)"}
{"level":"info","time":"2023-08-28T01:17:26+03:00","caller":"/home/lekht/Golang/notepad/cmd/service/service.go:24","message":"all is still good"}
{"level":"info","time":"2023-08-28T01:17:29+03:00","caller":"/home/lekht/Golang/notepad/cmd/service/service.go:24","message":"Server is running on port 8088"}
{"level":"info","time":"2023-08-28T01:18:53+03:00","caller":"/home/lekht/Golang/notepad/cmd/service/service.go:24","message":"interrupt%!(EXTRA string=interrupt signal recieved)"}
{"level":"info","time":"2023-08-28T01:18:53+03:00","caller":"/home/lekht/Golang/notepad/cmd/service/service.go:24","message":"all is still good"}
{"level":"info","time":"2023-08-28T01:18:55+03:00","caller":"/home/lekht/Golang/notepad/cmd/service/service.go:24","message":"Server is running on port 8088"}
{"level":"info","time":"2023-08-28T01:27:02+03:00","caller":"/home/lekht/Golang/notepad/cmd/service/service.go:24","message":"interrupt%!(EXTRA string=interrupt signal recieved)"}
{"level":"info","time":"2023-08-28T01:27:02+03:00","caller":"/home/lekht/Golang/notepad/cmd/service/service.go:24","message":"all is still good"}
{"level":"info","time":"2023-08-28T01:27:05+03:00","caller":"/home/lekht/Golang/notepad/cmd/service/service.go:24","message":"Server is running on port 8088"}
{"level":"info","time":"2023-08-28T01:27:32+03:00","caller":"/home/lekht/Golang/notepad/cmd/service/service.go:24","message":"interrupt%!(EXTRA string=interrupt signal recieved)"}
{"level":"info","time":"2023-08-28T01:27:32+03:00","caller":"/home/lekht/Golang/notepad/cmd/service/service.go:24","message":"all is still good"}
{"level":"info","time":"2023-08-28T01:28:09+03:00","caller":"/home/lekht/Golang/notepad/cmd/service/service.go:24","message":"Server is running on port 8088"}
{"level":"info","time":"2023-08-28T01:28:43+03:00","caller":"/home/lekht/Golang/notepad/cmd/service/service.go:24","message":"interrupt%!(EXTRA string=interrupt signal recieved)"}
{"level":"info","time":"2023-08-28T01:28:43+03:00","caller":"/home/lekht/Golang/notepad/cmd/service/service.go:24","message":"all is still good"}
{"level":"info","time":"2023-08-28T01:30:16+03:00","caller":"/home/lekht/Golang/notepad/cmd/service/service.go:24","message":"Server is running on port 8088"}
{"level":"info","time":"2023-08-28T01:35:00+03:00","caller":"/home/lekht/Golang/notepad/cmd/service/service.go:24","message":"interrupt%!(EXTRA string=interrupt signal recieved)"}
{"level":"info","time":"2023-08-28T01:35:00+03:00","caller":"/home/lekht/Golang/notepad/cmd/service/service.go:24","message":"all is still good"}
{"level":"info","time":"2023-08-28T01:35:02+03:00","caller":"/home/lekht/Golang/notepad/cmd/service/service.go:24","message":"Server is running on port 8088"}
{"level":"info","time":"2023-08-28T01:38:45+03:00","caller":"/home/lekht/Golang/notepad/cmd/service/service.go:24","message":"interrupt%!(EXTRA string=interrupt signal recieved)"}
{"level":"info","time":"2023-08-28T01:38:45+03:00","caller":"/home/lekht/Golang/notepad/cmd/service/service.go:24","message":"all is still good"}
{"level":"info","time":"2023-08-28T01:38:47+03:00","caller":"/home/lekht/Golang/notepad/cmd/service/service.go:24","message":"Server is running on port 8088"}
{"level":"info","time":"2023-08-28T01:49:25+03:00","caller":"/home/lekht/Golang/notepad/cmd/service/service.go:24","message":"interrupt%!(EXTRA string=interrupt signal recieved)"}
{"level":"info","time":"2023-08-28T01:49:25+03:00","caller":"/home/lekht/Golang/notepad/cmd/service/service.go:24","message":"all is still good"}
{"level":"info","time":"2023-08-28T01:49:27+03:00","caller":"/home/lekht/Golang/notepad/cmd/service/service.go:24","message":"Server is running on port 8088"}
{"level":"info","time":"2023-08-28T01:49:30+03:00","caller":"/home/lekht/Golang/notepad/internal/controllers/handlers.go:64","message":"failed to check text for spellig: failed to decode response body into struct: EOF%!(EXTRA string=failed to handle new note)"}
{"level":"info","time":"2023-08-28T01:50:48+03:00","caller":"/home/lekht/Golang/notepad/cmd/service/service.go:24","message":"interrupt%!(EXTRA string=interrupt signal recieved)"}
{"level":"info","time":"2023-08-28T01:50:48+03:00","caller":"/home/lekht/Golang/notepad/cmd/service/service.go:24","message":"all is still good"}
{"level":"info","time":"2023-08-28T01:50:49+03:00","caller":"/home/lekht/Golang/notepad/cmd/service/service.go:24","message":"Server is running on port 8088"}
{"level":"info","time":"2023-08-28T01:50:53+03:00","caller":"/home/lekht/Golang/notepad/internal/controllers/handlers.go:64","message":"failed to check text for spellig: failed to decode response body into struct: EOF%!(EXTRA string=failed to handle new note)"}
{"level":"info","time":"2023-08-28T01:54:06+03:00","caller":"/home/lekht/Golang/notepad/cmd/service/service.go:24","message":"interrupt%!(EXTRA string=interrupt signal recieved)"}
{"level":"info","time":"2023-08-28T01:54:06+03:00","caller":"/home/lekht/Golang/notepad/cmd/service/service.go:24","message":"all is still good"}
{"level":"info","time":"2023-08-28T01:54:08+03:00","caller":"/home/lekht/Golang/notepad/cmd/service/service.go:24","message":"Server is running on port 8088"}
{"level":"info","time":"2023-08-28T01:54:09+03:00","caller":"/home/lekht/Golang/notepad/internal/controllers/handlers.go:64","message":"failed to check text for spellig: failed to decode response body into struct: EOF%!(EXTRA string=failed to handle new note)"}
{"level":"info","time":"2023-08-28T01:55:14+03:00","caller":"/home/lekht/Golang/notepad/internal/controllers/handlers.go:64","message":"failed to check text for spellig: failed to decode response body into struct: EOF%!(EXTRA string=failed to handle new note)"}
{"level":"info","time":"2023-08-28T01:55:38+03:00","caller":"/home/lekht/Golang/notepad/cmd/service/service.go:24","message":"interrupt%!(EXTRA string=interrupt signal recieved)"}
{"level":"info","time":"2023-08-28T01:55:38+03:00","caller":"/home/lekht/Golang/notepad/cmd/service/service.go:24","message":"all is still good"}
{"level":"info","time":"2023-08-28T01:55:40+03:00","caller":"/home/lekht/Golang/notepad/cmd/service/service.go:24","message":"Server is running on port 8088"}
{"level":"info","time":"2023-08-28T01:55:42+03:00","caller":"/home/lekht/Golang/notepad/internal/controllers/handlers.go:64","message":"failed to check text for spellig: failed to decode response body into struct: EOF%!(EXTRA string=failed to handle new note)"}
{"level":"info","time":"2023-08-28T02:00:48+03:00","caller":"/home/lekht/Golang/notepad/cmd/service/service.go:24","message":"interrupt%!(EXTRA string=interrupt signal recieved)"}
{"level":"info","time":"2023-08-28T02:00:48+03:00","caller":"/home/lekht/Golang/notepad/cmd/service/service.go:24","message":"all is still good"}
{"level":"info","time":"2023-08-28T02:00:50+03:00","caller":"/home/lekht/Golang/notepad/cmd/service/service.go:24","message":"Server is running on port 8088"}
{"level":"info","time":"2023-08-28T02:00:52+03:00","caller":"/home/lekht/Golang/notepad/internal/controllers/handlers.go:64","message":"failed to check text for spellig: failed to unmarshal response to struct: unexpected end of JSON input%!(EXTRA string=failed to handle new note)"}
{"level":"info","time":"2023-08-28T02:05:11+03:00","caller":"/home/lekht/Golang/notepad/cmd/service/service.go:24","message":"interrupt%!(EXTRA string=interrupt signal recieved)"}
{"level":"info","time":"2023-08-28T02:05:11+03:00","caller":"/home/lekht/Golang/notepad/cmd/service/service.go:24","message":"all is still good"}
{"level":"info","time":"2023-08-28T02:05:13+03:00","caller":"/home/lekht/Golang/notepad/cmd/service/service.go:24","message":"Server is running on port 8088"}
{"level":"info","time":"2023-08-28T02:05:15+03:00","caller":"/home/lekht/Golang/notepad/internal/controllers/handlers.go:64","message":"failed to check text for spellig: failed to unmarshal response to struct: invalid character 'S' looking for beginning of value%!(EXTRA string=failed to handle new note)"}
{"level":"info","time":"2023-08-28T02:05:42+03:00","caller":"/home/lekht/Golang/notepad/cmd/service/service.go:24","message":"interrupt%!(EXTRA string=interrupt signal recieved)"}
{"level":"info","time":"2023-08-28T02:05:42+03:00","caller":"/home/lekht/Golang/notepad/cmd/service/service.go:24","message":"all is still good"}
{"level":"info","time":"2023-08-28T02:05:44+03:00","caller":"/home/lekht/Golang/notepad/cmd/service/service.go:24","message":"Server is running on port 8088"}
{"level":"info","time":"2023-08-28T02:05:45+03:00","caller":"/home/lekht/Golang/notepad/internal/controllers/handlers.go:64","message":"failed to check text for spellig: failed to unmarshal response to struct: unexpected end of JSON input%!(EXTRA string=failed to handle new note)"}
{"level":"info","time":"2023-08-28T02:06:42+03:00","caller":"/home/lekht/Golang/notepad/cmd/service/service.go:24","message":"interrupt%!(EXTRA string=interrupt signal recieved)"}
{"level":"info","time":"2023-08-28T02:06:42+03:00","caller":"/home/lekht/Golang/notepad/cmd/service/service.go:24","message":"all is still good"}
{"level":"info","time":"2023-08-28T02:06:46+03:00","caller":"/home/lekht/Golang/notepad/cmd/service/service.go:24","message":"Server is running on port 8088"}
{"level":"info","time":"2023-08-28T02:06:47+03:00","caller":"/home/lekht/Golang/notepad/internal/controllers/handlers.go:64","message":"failed to check text for spellig: failed to unmarshal response to struct: unexpected end of JSON input%!(EXTRA string=failed to handle new note)"}
{"level":"info","time":"2023-08-28T02:08:00+03:00","caller":"/home/lekht/Golang/notepad/cmd/service/service.go:24","message":"interrupt%!(EXTRA string=interrupt signal recieved)"}
{"level":"info","time":"2023-08-28T02:08:00+03:00","caller":"/home/lekht/Golang/notepad/cmd/service/service.go:24","message":"all is still good"}
{"level":"info","time":"2023-08-28T02:08:21+03:00","caller":"/home/lekht/Golang/notepad/cmd/service/service.go:24","message":"Server is running on port 8088"}
{"level":"info","time":"2023-08-28T02:08:22+03:00","caller":"/home/lekht/Golang/notepad/internal/controllers/handlers.go:64","message":"failed to check text for spellig: failed to unmarshal response to struct: unexpected end of JSON input%!(EXTRA string=failed to handle new note)"}
{"level":"info","time":"2023-08-28T02:08:44+03:00","caller":"/home/lekht/Golang/notepad/cmd/service/service.go:24","message":"interrupt%!(EXTRA string=interrupt signal recieved)"}
{"level":"info","time":"2023-08-28T02:08:44+03:00","caller":"/home/lekht/Golang/notepad/cmd/service/service.go:24","message":"all is still good"}
{"level":"info","time":"2023-08-28T02:09:04+03:00","caller":"/home/lekht/Golang/notepad/cmd/service/service.go:24","message":"Server is running on port 8088"}
{"level":"info","time":"2023-08-28T02:09:06+03:00","caller":"/home/lekht/Golang/notepad/internal/controllers/handlers.go:64","message":"failed to check text for spellig: failed to unmarshal response to struct: unexpected end of JSON input%!(EXTRA string=failed to handle new note)"}
{"level":"info","time":"2023-08-28T02:09:33+03:00","caller":"/home/lekht/Golang/notepad/cmd/service/service.go:24","message":"interrupt%!(EXTRA string=interrupt signal recieved)"}
{"level":"info","time":"2023-08-28T02:09:33+03:00","caller":"/home/lekht/Golang/notepad/cmd/service/service.go:24","message":"all is still good"}
{"level":"info","time":"2023-08-28T02:09:36+03:00","caller":"/home/lekht/Golang/notepad/cmd/service/service.go:24","message":"Server is running on port 8088"}
{"level":"info","time":"2023-08-28T02:09:37+03:00","caller":"/home/lekht/Golang/notepad/internal/controllers/handlers.go:64","message":"failed to check text for spellig: failed to unmarshal response to struct: unexpected end of JSON input%!(EXTRA string=failed to handle new note)"}
{"level":"info","time":"2023-08-28T02:10:07+03:00","caller":"/home/lekht/Golang/notepad/internal/controllers/handlers.go:64","message":"failed to check text for spellig: failed to unmarshal response to struct: unexpected end of JSON input%!(EXTRA string=failed to handle new note)"}
{"level":"info","time":"2023-08-28T02:11:30+03:00","caller":"/home/lekht/Golang/notepad/internal/controllers/handlers.go:64","message":"failed to check text for spellig: failed to unmarshal response to struct: unexpected end of JSON input%!(EXTRA string=failed to handle new note)"}
{"level":"info","time":"2023-08-28T02:11:50+03:00","caller":"/home/lekht/Golang/notepad/cmd/service/service.go:24","message":"interrupt%!(EXTRA string=interrupt signal recieved)"}
{"level":"info","time":"2023-08-28T02:11:50+03:00","caller":"/home/lekht/Golang/notepad/cmd/service/service.go:24","message":"all is still good"}
{"level":"info","time":"2023-08-28T02:11:51+03:00","caller":"/home/lekht/Golang/notepad/cmd/service/service.go:24","message":"Server is running on port 8088"}
{"level":"info","time":"2023-08-28T02:11:56+03:00","caller":"/home/lekht/Golang/notepad/internal/controllers/handlers.go:64","message":"failed to check text for spellig: failed to unmarshal response to struct: json: cannot unmarshal array into Go value of type speller.Mistakes%!(EXTRA string=failed to handle new note)"}
{"level":"info","time":"2023-08-28T02:12:15+03:00","caller":"/home/lekht/Golang/notepad/internal/controllers/handlers.go:64","message":"failed to check text for spellig: failed to unmarshal response to struct: json: cannot unmarshal array into Go value of type speller.Mistakes%!(EXTRA string=failed to handle new note)"}
{"level":"info","time":"2023-08-28T02:13:12+03:00","caller":"/home/lekht/Golang/notepad/cmd/service/service.go:24","message":"interrupt%!(EXTRA string=interrupt signal recieved)"}
{"level":"info","time":"2023-08-28T02:13:12+03:00","caller":"/home/lekht/Golang/notepad/cmd/service/service.go:24","message":"all is still good"}
{"level":"info","time":"2023-08-28T02:13:13+03:00","caller":"/home/lekht/Golang/notepad/cmd/service/service.go:24","message":"Server is running on port 8088"}
{"level":"info","time":"2023-08-28T02:14:45+03:00","caller":"/home/lekht/Golang/notepad/cmd/service/service.go:24","message":"interrupt%!(EXTRA string=interrupt signal recieved)"}
{"level":"info","time":"2023-08-28T02:14:45+03:00","caller":"/home/lekht/Golang/notepad/cmd/service/service.go:24","message":"all is still good"}
{"level":"info","time":"2023-08-28T02:14:46+03:00","caller":"/home/lekht/Golang/notepad/cmd/service/service.go:24","message":"Server is running on port 8088"}
{"level":"info","time":"2023-08-28T02:15:56+03:00","caller":"/home/lekht/Golang/notepad/cmd/service/service.go:24","message":"interrupt%!(EXTRA string=interrupt signal recieved)"}
{"level":"info","time":"2023-08-28T02:15:56+03:00","caller":"/home/lekht/Golang/notepad/cmd/service/service.go:24","message":"all is still good"}
{"level":"info","time":"2023-08-28T02:15:58+03:00","caller":"/home/lekht/Golang/notepad/cmd/service/service.go:24","message":"Server is running on port 8088"}
{"level":"info","time":"2023-08-28T02:16:18+03:00","caller":"/home/lekht/Golang/notepad/cmd/service/service.go:24","message":"interrupt%!(EXTRA string=interrupt signal recieved)"}
{"level":"info","time":"2023-08-28T02:16:18+03:00","caller":"/home/lekht/Golang/notepad/cmd/service/service.go:24","message":"all is still good"}
{"level":"info","time":"2023-08-28T02:16:37+03:00","caller":"/home/lekht/Golang/notepad/cmd/service/service.go:24","message":"Server is running on port 8088"}
{"level":"info","time":"2023-08-28T02:17:10+03:00","caller":"/home/lekht/Golang/notepad/cmd/service/service.go:24","message":"interrupt%!(EXTRA string=interrupt signal recieved)"}
{"level":"info","time":"2023-08-28T02:17:10+03:00","caller":"/home/lekht/Golang/notepad/cmd/service/service.go:24","message":"all is still good"}
{"level":"info","time":"2023-08-28T02:18:09+03:00","caller":"/home/lekht/Golang/notepad/cmd/service/service.go:24","message":"Server is running on port 8088"}
{"level":"info","time":"2023-08-28T02:18:24+03:00","caller":"/home/lekht/Golang/notepad/cmd/service/service.go:24","message":"interrupt%!(EXTRA string=interrupt signal recieved)"}
{"level":"info","time":"2023-08-28T02:18:24+03:00","caller":"/home/lekht/Golang/notepad/cmd/service/service.go:24","message":"all is still good"}
